<?xml version="1.0" encoding="UTF-8"?>
<!-- Generated by org.testng.reporters.JUnitXMLReporter -->
<testsuite ignored="0" hostname="DESKTOP-1B7KEIJ" failures="1" tests="2" name="LoginTest" time="0.098" errors="0" timestamp="2022-01-19T11:23:49 IST">
  <testcase classname="listener_sdet.LoginTest" name="loginByEmail" time="0.015"/>
  <testcase classname="listener_sdet.LoginTest" name="loginByFacebook" time="0.003">
    <failure type="java.lang.AssertionError" message="expected [kumar] but found [pavan]">
      <![CDATA[java.lang.AssertionError: expected [kumar] but found [pavan]
at listener_sdet.LoginTest.loginByFacebook(LoginTest.java:22)
at java.base/java.util.ArrayList.forEach(ArrayList.java:1511)
... Removed 33 stack frames]]>
    </failure>
  </testcase> <!-- loginByFacebook -->
</testsuite> <!-- LoginTest -->
